05 May 2023 02:11:25,680 INFO  org.hibernate.Version 44 logVersion - HHH000412: Hibernate ORM core version 5.4.30.Final
05 May 2023 02:11:26,054 INFO  org.hibernate.annotations.common.reflection.java.JavaReflectionManager 56 <clinit> - HCANN000001: Hibernate Commons Annotations {5.1.2.Final}
05 May 2023 02:11:26,543 WARN  org.hibernate.engine.jdbc.connections.internal.DriverManagerConnectionProviderImpl 72 configure - HHH10001002: Using Hibernate built-in connection pool (not for production use!)
05 May 2023 02:11:26,545 INFO  org.hibernate.engine.jdbc.connections.internal.DriverManagerConnectionProviderImpl 115 buildCreator - HHH10001005: using driver [org.sqlite.JDBC] at URL [jdbc:sqlite:C:\\FACULTATE\\Anul 2\\Semestrul 2\\Medii de Proiectare si Programare\\Laboratoare\\mpp-proiect-java-PaulaBeatrice\\triatlon.db]
05 May 2023 02:11:26,547 INFO  org.hibernate.engine.jdbc.connections.internal.DriverManagerConnectionProviderImpl 124 buildCreator - HHH10001001: Connection properties: {}
05 May 2023 02:11:26,547 INFO  org.hibernate.engine.jdbc.connections.internal.DriverManagerConnectionProviderImpl 129 buildCreator - HHH10001003: Autocommit mode: false
05 May 2023 02:11:26,550 INFO  org.hibernate.engine.jdbc.connections.internal.DriverManagerConnectionProviderImpl$PooledConnections 259 <init> - HHH000115: Hibernate connection pool size: 20 (min=1)
05 May 2023 02:11:26,714 INFO  org.hibernate.dialect.Dialect 175 <init> - HHH000400: Using dialect: triathlon.persistence.org.hibernate.dialect.SQLiteDialect
05 May 2023 02:11:27,221 INFO  org.hibernate.resource.transaction.backend.jdbc.internal.DdlTransactionIsolatorNonJtaImpl 47 getIsolatedConnection - HHH10001501: Connection obtained from JdbcConnectionAccess [org.hibernate.engine.jdbc.env.internal.JdbcEnvironmentInitiator$ConnectionProviderJdbcConnectionAccess@1fd7a37] for (non-JTA) DDL execution was not in auto-commit mode; the Connection 'local transaction' will be committed and the Connection will be set into auto-commit mode.
05 May 2023 02:11:27,232 INFO  org.hibernate.engine.jdbc.connections.internal.DriverManagerConnectionProviderImpl$PoolState 428 stop - HHH10001008: Cleaning up connection pool [jdbc:sqlite:C:\\FACULTATE\\Anul 2\\Semestrul 2\\Medii de Proiectare si Programare\\Laboratoare\\mpp-proiect-java-PaulaBeatrice\\triatlon.db]
05 May 2023 02:13:24,009 INFO  org.hibernate.Version 44 logVersion - HHH000412: Hibernate ORM core version 5.4.30.Final
05 May 2023 02:13:24,418 INFO  org.hibernate.annotations.common.reflection.java.JavaReflectionManager 56 <clinit> - HCANN000001: Hibernate Commons Annotations {5.1.2.Final}
05 May 2023 02:13:24,946 WARN  org.hibernate.engine.jdbc.connections.internal.DriverManagerConnectionProviderImpl 72 configure - HHH10001002: Using Hibernate built-in connection pool (not for production use!)
05 May 2023 02:13:24,948 INFO  org.hibernate.engine.jdbc.connections.internal.DriverManagerConnectionProviderImpl 115 buildCreator - HHH10001005: using driver [org.sqlite.JDBC] at URL [jdbc:sqlite:C:\\FACULTATE\\Anul 2\\Semestrul 2\\Medii de Proiectare si Programare\\Laboratoare\\mpp-proiect-java-PaulaBeatrice\\triatlon.db]
05 May 2023 02:13:24,949 INFO  org.hibernate.engine.jdbc.connections.internal.DriverManagerConnectionProviderImpl 124 buildCreator - HHH10001001: Connection properties: {}
05 May 2023 02:13:24,949 INFO  org.hibernate.engine.jdbc.connections.internal.DriverManagerConnectionProviderImpl 129 buildCreator - HHH10001003: Autocommit mode: false
05 May 2023 02:13:24,951 INFO  org.hibernate.engine.jdbc.connections.internal.DriverManagerConnectionProviderImpl$PooledConnections 259 <init> - HHH000115: Hibernate connection pool size: 20 (min=1)
05 May 2023 02:13:25,096 INFO  org.hibernate.dialect.Dialect 175 <init> - HHH000400: Using dialect: triathlon.persistence.org.hibernate.dialect.SQLiteDialect
05 May 2023 02:13:25,588 INFO  org.hibernate.resource.transaction.backend.jdbc.internal.DdlTransactionIsolatorNonJtaImpl 47 getIsolatedConnection - HHH10001501: Connection obtained from JdbcConnectionAccess [org.hibernate.engine.jdbc.env.internal.JdbcEnvironmentInitiator$ConnectionProviderJdbcConnectionAccess@5b202ff] for (non-JTA) DDL execution was not in auto-commit mode; the Connection 'local transaction' will be committed and the Connection will be set into auto-commit mode.
05 May 2023 02:13:25,596 INFO  org.hibernate.engine.jdbc.connections.internal.DriverManagerConnectionProviderImpl$PoolState 428 stop - HHH10001008: Cleaning up connection pool [jdbc:sqlite:C:\\FACULTATE\\Anul 2\\Semestrul 2\\Medii de Proiectare si Programare\\Laboratoare\\mpp-proiect-java-PaulaBeatrice\\triatlon.db]
05 May 2023 02:16:35,515 INFO  org.hibernate.Version 44 logVersion - HHH000412: Hibernate ORM core version 5.4.30.Final
05 May 2023 02:16:35,909 INFO  org.hibernate.annotations.common.reflection.java.JavaReflectionManager 56 <clinit> - HCANN000001: Hibernate Commons Annotations {5.1.2.Final}
05 May 2023 02:16:36,435 WARN  org.hibernate.engine.jdbc.connections.internal.DriverManagerConnectionProviderImpl 72 configure - HHH10001002: Using Hibernate built-in connection pool (not for production use!)
05 May 2023 02:16:36,439 INFO  org.hibernate.engine.jdbc.connections.internal.DriverManagerConnectionProviderImpl 115 buildCreator - HHH10001005: using driver [org.sqlite.JDBC] at URL [jdbc:sqlite:C:\\FACULTATE\\Anul 2\\Semestrul 2\\Medii de Proiectare si Programare\\Laboratoare\\mpp-proiect-java-PaulaBeatrice\\triatlon.db]
05 May 2023 02:16:36,439 INFO  org.hibernate.engine.jdbc.connections.internal.DriverManagerConnectionProviderImpl 124 buildCreator - HHH10001001: Connection properties: {}
05 May 2023 02:16:36,439 INFO  org.hibernate.engine.jdbc.connections.internal.DriverManagerConnectionProviderImpl 129 buildCreator - HHH10001003: Autocommit mode: false
05 May 2023 02:16:36,442 INFO  org.hibernate.engine.jdbc.connections.internal.DriverManagerConnectionProviderImpl$PooledConnections 259 <init> - HHH000115: Hibernate connection pool size: 20 (min=1)
05 May 2023 02:16:36,597 INFO  org.hibernate.dialect.Dialect 175 <init> - HHH000400: Using dialect: triathlon.persistence.org.hibernate.dialect.SQLiteDialect
05 May 2023 02:16:37,123 INFO  org.hibernate.resource.transaction.backend.jdbc.internal.DdlTransactionIsolatorNonJtaImpl 47 getIsolatedConnection - HHH10001501: Connection obtained from JdbcConnectionAccess [org.hibernate.engine.jdbc.env.internal.JdbcEnvironmentInitiator$ConnectionProviderJdbcConnectionAccess@5b202ff] for (non-JTA) DDL execution was not in auto-commit mode; the Connection 'local transaction' will be committed and the Connection will be set into auto-commit mode.
05 May 2023 02:16:37,129 INFO  org.hibernate.engine.jdbc.connections.internal.DriverManagerConnectionProviderImpl$PoolState 428 stop - HHH10001008: Cleaning up connection pool [jdbc:sqlite:C:\\FACULTATE\\Anul 2\\Semestrul 2\\Medii de Proiectare si Programare\\Laboratoare\\mpp-proiect-java-PaulaBeatrice\\triatlon.db]
05 May 2023 02:18:51,175 INFO  org.hibernate.Version 44 logVersion - HHH000412: Hibernate ORM core version 5.4.30.Final
05 May 2023 02:18:51,577 INFO  org.hibernate.annotations.common.reflection.java.JavaReflectionManager 56 <clinit> - HCANN000001: Hibernate Commons Annotations {5.1.2.Final}
05 May 2023 02:18:52,094 WARN  org.hibernate.engine.jdbc.connections.internal.DriverManagerConnectionProviderImpl 72 configure - HHH10001002: Using Hibernate built-in connection pool (not for production use!)
05 May 2023 02:18:52,097 INFO  org.hibernate.engine.jdbc.connections.internal.DriverManagerConnectionProviderImpl 115 buildCreator - HHH10001005: using driver [org.sqlite.JDBC] at URL [jdbc:sqlite:C:\\FACULTATE\\Anul 2\\Semestrul 2\\Medii de Proiectare si Programare\\Laboratoare\\mpp-proiect-java-PaulaBeatrice\\triatlon.db]
05 May 2023 02:18:52,098 INFO  org.hibernate.engine.jdbc.connections.internal.DriverManagerConnectionProviderImpl 124 buildCreator - HHH10001001: Connection properties: {}
05 May 2023 02:18:52,098 INFO  org.hibernate.engine.jdbc.connections.internal.DriverManagerConnectionProviderImpl 129 buildCreator - HHH10001003: Autocommit mode: false
05 May 2023 02:18:52,104 INFO  org.hibernate.engine.jdbc.connections.internal.DriverManagerConnectionProviderImpl$PooledConnections 259 <init> - HHH000115: Hibernate connection pool size: 20 (min=1)
05 May 2023 02:18:52,252 INFO  org.hibernate.dialect.Dialect 175 <init> - HHH000400: Using dialect: triathlon.persistence.org.hibernate.dialect.SQLiteDialect
05 May 2023 02:18:52,779 INFO  org.hibernate.resource.transaction.backend.jdbc.internal.DdlTransactionIsolatorNonJtaImpl 47 getIsolatedConnection - HHH10001501: Connection obtained from JdbcConnectionAccess [org.hibernate.engine.jdbc.env.internal.JdbcEnvironmentInitiator$ConnectionProviderJdbcConnectionAccess@8aeab9e] for (non-JTA) DDL execution was not in auto-commit mode; the Connection 'local transaction' will be committed and the Connection will be set into auto-commit mode.
05 May 2023 02:18:52,787 INFO  org.hibernate.resource.transaction.backend.jdbc.internal.DdlTransactionIsolatorNonJtaImpl 47 getIsolatedConnection - HHH10001501: Connection obtained from JdbcConnectionAccess [org.hibernate.engine.jdbc.env.internal.JdbcEnvironmentInitiator$ConnectionProviderJdbcConnectionAccess@5ae1c281] for (non-JTA) DDL execution was not in auto-commit mode; the Connection 'local transaction' will be committed and the Connection will be set into auto-commit mode.
05 May 2023 02:18:52,801 INFO  org.hibernate.engine.transaction.jta.platform.internal.JtaPlatformInitiator 52 initiateService - HHH000490: Using JtaPlatform implementation: [org.hibernate.engine.transaction.jta.platform.internal.NoJtaPlatform]
05 May 2023 02:18:52,817 INFO  org.hibernate.engine.jdbc.connections.internal.DriverManagerConnectionProviderImpl$PoolState 428 stop - HHH10001008: Cleaning up connection pool [jdbc:sqlite:C:\\FACULTATE\\Anul 2\\Semestrul 2\\Medii de Proiectare si Programare\\Laboratoare\\mpp-proiect-java-PaulaBeatrice\\triatlon.db]
05 May 2023 02:19:04,039 INFO  org.hibernate.Version 44 logVersion - HHH000412: Hibernate ORM core version 5.4.30.Final
05 May 2023 02:19:04,535 INFO  org.hibernate.annotations.common.reflection.java.JavaReflectionManager 56 <clinit> - HCANN000001: Hibernate Commons Annotations {5.1.2.Final}
05 May 2023 02:19:05,084 WARN  org.hibernate.engine.jdbc.connections.internal.DriverManagerConnectionProviderImpl 72 configure - HHH10001002: Using Hibernate built-in connection pool (not for production use!)
05 May 2023 02:19:05,087 INFO  org.hibernate.engine.jdbc.connections.internal.DriverManagerConnectionProviderImpl 115 buildCreator - HHH10001005: using driver [org.sqlite.JDBC] at URL [jdbc:sqlite:C:\\FACULTATE\\Anul 2\\Semestrul 2\\Medii de Proiectare si Programare\\Laboratoare\\mpp-proiect-java-PaulaBeatrice\\triatlon.db]
05 May 2023 02:19:05,088 INFO  org.hibernate.engine.jdbc.connections.internal.DriverManagerConnectionProviderImpl 124 buildCreator - HHH10001001: Connection properties: {}
05 May 2023 02:19:05,088 INFO  org.hibernate.engine.jdbc.connections.internal.DriverManagerConnectionProviderImpl 129 buildCreator - HHH10001003: Autocommit mode: false
05 May 2023 02:19:05,091 INFO  org.hibernate.engine.jdbc.connections.internal.DriverManagerConnectionProviderImpl$PooledConnections 259 <init> - HHH000115: Hibernate connection pool size: 20 (min=1)
05 May 2023 02:19:05,257 INFO  org.hibernate.dialect.Dialect 175 <init> - HHH000400: Using dialect: triathlon.persistence.org.hibernate.dialect.SQLiteDialect
05 May 2023 02:19:05,767 INFO  org.hibernate.resource.transaction.backend.jdbc.internal.DdlTransactionIsolatorNonJtaImpl 47 getIsolatedConnection - HHH10001501: Connection obtained from JdbcConnectionAccess [org.hibernate.engine.jdbc.env.internal.JdbcEnvironmentInitiator$ConnectionProviderJdbcConnectionAccess@5b202ff] for (non-JTA) DDL execution was not in auto-commit mode; the Connection 'local transaction' will be committed and the Connection will be set into auto-commit mode.
05 May 2023 02:19:05,774 INFO  org.hibernate.engine.jdbc.connections.internal.DriverManagerConnectionProviderImpl$PoolState 428 stop - HHH10001008: Cleaning up connection pool [jdbc:sqlite:C:\\FACULTATE\\Anul 2\\Semestrul 2\\Medii de Proiectare si Programare\\Laboratoare\\mpp-proiect-java-PaulaBeatrice\\triatlon.db]
05 May 2023 02:19:33,830 INFO  org.hibernate.Version 44 logVersion - HHH000412: Hibernate ORM core version 5.4.30.Final
05 May 2023 02:19:34,243 INFO  org.hibernate.annotations.common.reflection.java.JavaReflectionManager 56 <clinit> - HCANN000001: Hibernate Commons Annotations {5.1.2.Final}
05 May 2023 02:19:34,830 WARN  org.hibernate.engine.jdbc.connections.internal.DriverManagerConnectionProviderImpl 72 configure - HHH10001002: Using Hibernate built-in connection pool (not for production use!)
05 May 2023 02:19:34,833 INFO  org.hibernate.engine.jdbc.connections.internal.DriverManagerConnectionProviderImpl 115 buildCreator - HHH10001005: using driver [org.sqlite.JDBC] at URL [jdbc:sqlite:C:\\FACULTATE\\Anul 2\\Semestrul 2\\Medii de Proiectare si Programare\\Laboratoare\\mpp-proiect-java-PaulaBeatrice\\triatlon.db]
05 May 2023 02:19:34,834 INFO  org.hibernate.engine.jdbc.connections.internal.DriverManagerConnectionProviderImpl 124 buildCreator - HHH10001001: Connection properties: {}
05 May 2023 02:19:34,834 INFO  org.hibernate.engine.jdbc.connections.internal.DriverManagerConnectionProviderImpl 129 buildCreator - HHH10001003: Autocommit mode: false
05 May 2023 02:19:34,838 INFO  org.hibernate.engine.jdbc.connections.internal.DriverManagerConnectionProviderImpl$PooledConnections 259 <init> - HHH000115: Hibernate connection pool size: 20 (min=1)
05 May 2023 02:19:34,986 INFO  org.hibernate.dialect.Dialect 175 <init> - HHH000400: Using dialect: triathlon.persistence.org.hibernate.dialect.SQLiteDialect
05 May 2023 02:19:35,504 INFO  org.hibernate.resource.transaction.backend.jdbc.internal.DdlTransactionIsolatorNonJtaImpl 47 getIsolatedConnection - HHH10001501: Connection obtained from JdbcConnectionAccess [org.hibernate.engine.jdbc.env.internal.JdbcEnvironmentInitiator$ConnectionProviderJdbcConnectionAccess@2a2dc0a] for (non-JTA) DDL execution was not in auto-commit mode; the Connection 'local transaction' will be committed and the Connection will be set into auto-commit mode.
05 May 2023 02:19:35,513 INFO  org.hibernate.resource.transaction.backend.jdbc.internal.DdlTransactionIsolatorNonJtaImpl 47 getIsolatedConnection - HHH10001501: Connection obtained from JdbcConnectionAccess [org.hibernate.engine.jdbc.env.internal.JdbcEnvironmentInitiator$ConnectionProviderJdbcConnectionAccess@4ac8768e] for (non-JTA) DDL execution was not in auto-commit mode; the Connection 'local transaction' will be committed and the Connection will be set into auto-commit mode.
05 May 2023 02:19:35,523 INFO  org.hibernate.engine.transaction.jta.platform.internal.JtaPlatformInitiator 52 initiateService - HHH000490: Using JtaPlatform implementation: [org.hibernate.engine.transaction.jta.platform.internal.NoJtaPlatform]
05 May 2023 02:19:35,625 INFO  org.hibernate.engine.jdbc.connections.internal.DriverManagerConnectionProviderImpl$PoolState 428 stop - HHH10001008: Cleaning up connection pool [jdbc:sqlite:C:\\FACULTATE\\Anul 2\\Semestrul 2\\Medii de Proiectare si Programare\\Laboratoare\\mpp-proiect-java-PaulaBeatrice\\triatlon.db]
05 May 2023 02:20:05,744 INFO  org.hibernate.Version 44 logVersion - HHH000412: Hibernate ORM core version 5.4.30.Final
05 May 2023 02:20:06,156 INFO  org.hibernate.annotations.common.reflection.java.JavaReflectionManager 56 <clinit> - HCANN000001: Hibernate Commons Annotations {5.1.2.Final}
05 May 2023 02:20:06,674 WARN  org.hibernate.engine.jdbc.connections.internal.DriverManagerConnectionProviderImpl 72 configure - HHH10001002: Using Hibernate built-in connection pool (not for production use!)
05 May 2023 02:20:06,678 INFO  org.hibernate.engine.jdbc.connections.internal.DriverManagerConnectionProviderImpl 115 buildCreator - HHH10001005: using driver [org.sqlite.JDBC] at URL [jdbc:sqlite:C:\\FACULTATE\\Anul 2\\Semestrul 2\\Medii de Proiectare si Programare\\Laboratoare\\mpp-proiect-java-PaulaBeatrice\\triatlon.db]
05 May 2023 02:20:06,678 INFO  org.hibernate.engine.jdbc.connections.internal.DriverManagerConnectionProviderImpl 124 buildCreator - HHH10001001: Connection properties: {}
05 May 2023 02:20:06,678 INFO  org.hibernate.engine.jdbc.connections.internal.DriverManagerConnectionProviderImpl 129 buildCreator - HHH10001003: Autocommit mode: false
05 May 2023 02:20:06,682 INFO  org.hibernate.engine.jdbc.connections.internal.DriverManagerConnectionProviderImpl$PooledConnections 259 <init> - HHH000115: Hibernate connection pool size: 20 (min=1)
05 May 2023 02:20:06,828 INFO  org.hibernate.dialect.Dialect 175 <init> - HHH000400: Using dialect: triathlon.persistence.org.hibernate.dialect.SQLiteDialect
05 May 2023 02:20:07,419 INFO  org.hibernate.resource.transaction.backend.jdbc.internal.DdlTransactionIsolatorNonJtaImpl 47 getIsolatedConnection - HHH10001501: Connection obtained from JdbcConnectionAccess [org.hibernate.engine.jdbc.env.internal.JdbcEnvironmentInitiator$ConnectionProviderJdbcConnectionAccess@2a2dc0a] for (non-JTA) DDL execution was not in auto-commit mode; the Connection 'local transaction' will be committed and the Connection will be set into auto-commit mode.
05 May 2023 02:20:07,428 INFO  org.hibernate.resource.transaction.backend.jdbc.internal.DdlTransactionIsolatorNonJtaImpl 47 getIsolatedConnection - HHH10001501: Connection obtained from JdbcConnectionAccess [org.hibernate.engine.jdbc.env.internal.JdbcEnvironmentInitiator$ConnectionProviderJdbcConnectionAccess@4ac8768e] for (non-JTA) DDL execution was not in auto-commit mode; the Connection 'local transaction' will be committed and the Connection will be set into auto-commit mode.
05 May 2023 02:20:07,438 INFO  org.hibernate.engine.transaction.jta.platform.internal.JtaPlatformInitiator 52 initiateService - HHH000490: Using JtaPlatform implementation: [org.hibernate.engine.transaction.jta.platform.internal.NoJtaPlatform]
05 May 2023 02:20:07,600 INFO  org.hibernate.engine.jdbc.connections.internal.DriverManagerConnectionProviderImpl$PoolState 428 stop - HHH10001008: Cleaning up connection pool [jdbc:sqlite:C:\\FACULTATE\\Anul 2\\Semestrul 2\\Medii de Proiectare si Programare\\Laboratoare\\mpp-proiect-java-PaulaBeatrice\\triatlon.db]
05 May 2023 02:20:45,692 INFO  org.hibernate.Version 44 logVersion - HHH000412: Hibernate ORM core version 5.4.30.Final
05 May 2023 02:20:46,075 INFO  org.hibernate.annotations.common.reflection.java.JavaReflectionManager 56 <clinit> - HCANN000001: Hibernate Commons Annotations {5.1.2.Final}
05 May 2023 02:20:46,579 WARN  org.hibernate.engine.jdbc.connections.internal.DriverManagerConnectionProviderImpl 72 configure - HHH10001002: Using Hibernate built-in connection pool (not for production use!)
05 May 2023 02:20:46,582 INFO  org.hibernate.engine.jdbc.connections.internal.DriverManagerConnectionProviderImpl 115 buildCreator - HHH10001005: using driver [org.sqlite.JDBC] at URL [jdbc:sqlite:C:\\FACULTATE\\Anul 2\\Semestrul 2\\Medii de Proiectare si Programare\\Laboratoare\\mpp-proiect-java-PaulaBeatrice\\triatlon.db]
05 May 2023 02:20:46,583 INFO  org.hibernate.engine.jdbc.connections.internal.DriverManagerConnectionProviderImpl 124 buildCreator - HHH10001001: Connection properties: {}
05 May 2023 02:20:46,583 INFO  org.hibernate.engine.jdbc.connections.internal.DriverManagerConnectionProviderImpl 129 buildCreator - HHH10001003: Autocommit mode: false
05 May 2023 02:20:46,587 INFO  org.hibernate.engine.jdbc.connections.internal.DriverManagerConnectionProviderImpl$PooledConnections 259 <init> - HHH000115: Hibernate connection pool size: 20 (min=1)
05 May 2023 02:20:46,738 INFO  org.hibernate.dialect.Dialect 175 <init> - HHH000400: Using dialect: triathlon.persistence.org.hibernate.dialect.SQLiteDialect
05 May 2023 02:20:47,333 INFO  org.hibernate.resource.transaction.backend.jdbc.internal.DdlTransactionIsolatorNonJtaImpl 47 getIsolatedConnection - HHH10001501: Connection obtained from JdbcConnectionAccess [org.hibernate.engine.jdbc.env.internal.JdbcEnvironmentInitiator$ConnectionProviderJdbcConnectionAccess@5b202ff] for (non-JTA) DDL execution was not in auto-commit mode; the Connection 'local transaction' will be committed and the Connection will be set into auto-commit mode.
05 May 2023 02:20:47,340 INFO  org.hibernate.engine.jdbc.connections.internal.DriverManagerConnectionProviderImpl$PoolState 428 stop - HHH10001008: Cleaning up connection pool [jdbc:sqlite:C:\\FACULTATE\\Anul 2\\Semestrul 2\\Medii de Proiectare si Programare\\Laboratoare\\mpp-proiect-java-PaulaBeatrice\\triatlon.db]
05 May 2023 02:23:21,832 INFO  org.hibernate.Version 44 logVersion - HHH000412: Hibernate ORM core version 5.4.30.Final
05 May 2023 02:23:22,219 INFO  org.hibernate.annotations.common.reflection.java.JavaReflectionManager 56 <clinit> - HCANN000001: Hibernate Commons Annotations {5.1.2.Final}
05 May 2023 02:23:22,723 WARN  org.hibernate.engine.jdbc.connections.internal.DriverManagerConnectionProviderImpl 72 configure - HHH10001002: Using Hibernate built-in connection pool (not for production use!)
05 May 2023 02:23:22,727 INFO  org.hibernate.engine.jdbc.connections.internal.DriverManagerConnectionProviderImpl 115 buildCreator - HHH10001005: using driver [org.sqlite.JDBC] at URL [jdbc:sqlite:C:\\FACULTATE\\Anul 2\\Semestrul 2\\Medii de Proiectare si Programare\\Laboratoare\\mpp-proiect-java-PaulaBeatrice\\triatlon.db]
05 May 2023 02:23:22,727 INFO  org.hibernate.engine.jdbc.connections.internal.DriverManagerConnectionProviderImpl 124 buildCreator - HHH10001001: Connection properties: {}
05 May 2023 02:23:22,727 INFO  org.hibernate.engine.jdbc.connections.internal.DriverManagerConnectionProviderImpl 129 buildCreator - HHH10001003: Autocommit mode: false
05 May 2023 02:23:22,732 INFO  org.hibernate.engine.jdbc.connections.internal.DriverManagerConnectionProviderImpl$PooledConnections 259 <init> - HHH000115: Hibernate connection pool size: 20 (min=1)
05 May 2023 02:23:22,890 INFO  org.hibernate.dialect.Dialect 175 <init> - HHH000400: Using dialect: triathlon.persistence.org.hibernate.dialect.SQLiteDialect
05 May 2023 02:23:23,396 INFO  org.hibernate.resource.transaction.backend.jdbc.internal.DdlTransactionIsolatorNonJtaImpl 47 getIsolatedConnection - HHH10001501: Connection obtained from JdbcConnectionAccess [org.hibernate.engine.jdbc.env.internal.JdbcEnvironmentInitiator$ConnectionProviderJdbcConnectionAccess@5b202ff] for (non-JTA) DDL execution was not in auto-commit mode; the Connection 'local transaction' will be committed and the Connection will be set into auto-commit mode.
05 May 2023 02:23:23,407 INFO  org.hibernate.engine.jdbc.connections.internal.DriverManagerConnectionProviderImpl$PoolState 428 stop - HHH10001008: Cleaning up connection pool [jdbc:sqlite:C:\\FACULTATE\\Anul 2\\Semestrul 2\\Medii de Proiectare si Programare\\Laboratoare\\mpp-proiect-java-PaulaBeatrice\\triatlon.db]
05 May 2023 02:23:35,632 INFO  org.hibernate.Version 44 logVersion - HHH000412: Hibernate ORM core version 5.4.30.Final
05 May 2023 02:23:36,046 INFO  org.hibernate.annotations.common.reflection.java.JavaReflectionManager 56 <clinit> - HCANN000001: Hibernate Commons Annotations {5.1.2.Final}
05 May 2023 02:23:36,569 WARN  org.hibernate.engine.jdbc.connections.internal.DriverManagerConnectionProviderImpl 72 configure - HHH10001002: Using Hibernate built-in connection pool (not for production use!)
05 May 2023 02:23:36,573 INFO  org.hibernate.engine.jdbc.connections.internal.DriverManagerConnectionProviderImpl 115 buildCreator - HHH10001005: using driver [org.sqlite.JDBC] at URL [jdbc:sqlite:C:\\FACULTATE\\Anul 2\\Semestrul 2\\Medii de Proiectare si Programare\\Laboratoare\\mpp-proiect-java-PaulaBeatrice\\triatlon.db]
05 May 2023 02:23:36,574 INFO  org.hibernate.engine.jdbc.connections.internal.DriverManagerConnectionProviderImpl 124 buildCreator - HHH10001001: Connection properties: {}
05 May 2023 02:23:36,574 INFO  org.hibernate.engine.jdbc.connections.internal.DriverManagerConnectionProviderImpl 129 buildCreator - HHH10001003: Autocommit mode: false
05 May 2023 02:23:36,578 INFO  org.hibernate.engine.jdbc.connections.internal.DriverManagerConnectionProviderImpl$PooledConnections 259 <init> - HHH000115: Hibernate connection pool size: 20 (min=1)
05 May 2023 02:23:36,727 INFO  org.hibernate.dialect.Dialect 175 <init> - HHH000400: Using dialect: triathlon.persistence.org.hibernate.dialect.SQLiteDialect
05 May 2023 02:23:37,240 INFO  org.hibernate.resource.transaction.backend.jdbc.internal.DdlTransactionIsolatorNonJtaImpl 47 getIsolatedConnection - HHH10001501: Connection obtained from JdbcConnectionAccess [org.hibernate.engine.jdbc.env.internal.JdbcEnvironmentInitiator$ConnectionProviderJdbcConnectionAccess@8aeab9e] for (non-JTA) DDL execution was not in auto-commit mode; the Connection 'local transaction' will be committed and the Connection will be set into auto-commit mode.
05 May 2023 02:23:37,246 INFO  org.hibernate.resource.transaction.backend.jdbc.internal.DdlTransactionIsolatorNonJtaImpl 47 getIsolatedConnection - HHH10001501: Connection obtained from JdbcConnectionAccess [org.hibernate.engine.jdbc.env.internal.JdbcEnvironmentInitiator$ConnectionProviderJdbcConnectionAccess@5ae1c281] for (non-JTA) DDL execution was not in auto-commit mode; the Connection 'local transaction' will be committed and the Connection will be set into auto-commit mode.
05 May 2023 02:23:37,257 INFO  org.hibernate.engine.transaction.jta.platform.internal.JtaPlatformInitiator 52 initiateService - HHH000490: Using JtaPlatform implementation: [org.hibernate.engine.transaction.jta.platform.internal.NoJtaPlatform]
05 May 2023 02:23:37,418 INFO  org.hibernate.engine.jdbc.connections.internal.DriverManagerConnectionProviderImpl$PoolState 428 stop - HHH10001008: Cleaning up connection pool [jdbc:sqlite:C:\\FACULTATE\\Anul 2\\Semestrul 2\\Medii de Proiectare si Programare\\Laboratoare\\mpp-proiect-java-PaulaBeatrice\\triatlon.db]
05 May 2023 02:25:33,155 INFO  org.hibernate.Version 44 logVersion - HHH000412: Hibernate ORM core version 5.4.30.Final
05 May 2023 02:25:33,702 INFO  org.hibernate.annotations.common.reflection.java.JavaReflectionManager 56 <clinit> - HCANN000001: Hibernate Commons Annotations {5.1.2.Final}
05 May 2023 02:25:34,268 WARN  org.hibernate.engine.jdbc.connections.internal.DriverManagerConnectionProviderImpl 72 configure - HHH10001002: Using Hibernate built-in connection pool (not for production use!)
05 May 2023 02:25:34,271 INFO  org.hibernate.engine.jdbc.connections.internal.DriverManagerConnectionProviderImpl 115 buildCreator - HHH10001005: using driver [org.sqlite.JDBC] at URL [jdbc:sqlite:C:\\FACULTATE\\Anul 2\\Semestrul 2\\Medii de Proiectare si Programare\\Laboratoare\\mpp-proiect-java-PaulaBeatrice\\triatlon.db]
05 May 2023 02:25:34,272 INFO  org.hibernate.engine.jdbc.connections.internal.DriverManagerConnectionProviderImpl 124 buildCreator - HHH10001001: Connection properties: {}
05 May 2023 02:25:34,272 INFO  org.hibernate.engine.jdbc.connections.internal.DriverManagerConnectionProviderImpl 129 buildCreator - HHH10001003: Autocommit mode: false
05 May 2023 02:25:34,276 INFO  org.hibernate.engine.jdbc.connections.internal.DriverManagerConnectionProviderImpl$PooledConnections 259 <init> - HHH000115: Hibernate connection pool size: 20 (min=1)
05 May 2023 02:25:34,422 INFO  org.hibernate.dialect.Dialect 175 <init> - HHH000400: Using dialect: triathlon.persistence.org.hibernate.dialect.SQLiteDialect
05 May 2023 02:25:34,939 INFO  org.hibernate.resource.transaction.backend.jdbc.internal.DdlTransactionIsolatorNonJtaImpl 47 getIsolatedConnection - HHH10001501: Connection obtained from JdbcConnectionAccess [org.hibernate.engine.jdbc.env.internal.JdbcEnvironmentInitiator$ConnectionProviderJdbcConnectionAccess@2a2dc0a] for (non-JTA) DDL execution was not in auto-commit mode; the Connection 'local transaction' will be committed and the Connection will be set into auto-commit mode.
05 May 2023 02:25:34,946 INFO  org.hibernate.resource.transaction.backend.jdbc.internal.DdlTransactionIsolatorNonJtaImpl 47 getIsolatedConnection - HHH10001501: Connection obtained from JdbcConnectionAccess [org.hibernate.engine.jdbc.env.internal.JdbcEnvironmentInitiator$ConnectionProviderJdbcConnectionAccess@4ac8768e] for (non-JTA) DDL execution was not in auto-commit mode; the Connection 'local transaction' will be committed and the Connection will be set into auto-commit mode.
05 May 2023 02:25:34,956 INFO  org.hibernate.engine.transaction.jta.platform.internal.JtaPlatformInitiator 52 initiateService - HHH000490: Using JtaPlatform implementation: [org.hibernate.engine.transaction.jta.platform.internal.NoJtaPlatform]
05 May 2023 02:25:35,130 INFO  org.hibernate.engine.jdbc.connections.internal.DriverManagerConnectionProviderImpl$PoolState 428 stop - HHH10001008: Cleaning up connection pool [jdbc:sqlite:C:\\FACULTATE\\Anul 2\\Semestrul 2\\Medii de Proiectare si Programare\\Laboratoare\\mpp-proiect-java-PaulaBeatrice\\triatlon.db]
05 May 2023 02:31:10,921 INFO  org.hibernate.Version 44 logVersion - HHH000412: Hibernate ORM core version 5.4.30.Final
05 May 2023 02:31:11,305 INFO  org.hibernate.annotations.common.reflection.java.JavaReflectionManager 56 <clinit> - HCANN000001: Hibernate Commons Annotations {5.1.2.Final}
05 May 2023 02:31:11,889 WARN  org.hibernate.engine.jdbc.connections.internal.DriverManagerConnectionProviderImpl 72 configure - HHH10001002: Using Hibernate built-in connection pool (not for production use!)
05 May 2023 02:31:11,892 INFO  org.hibernate.engine.jdbc.connections.internal.DriverManagerConnectionProviderImpl 115 buildCreator - HHH10001005: using driver [org.sqlite.JDBC] at URL [jdbc:sqlite:C:\\FACULTATE\\Anul 2\\Semestrul 2\\Medii de Proiectare si Programare\\Laboratoare\\mpp-proiect-java-PaulaBeatrice\\triatlon.db]
05 May 2023 02:31:11,893 INFO  org.hibernate.engine.jdbc.connections.internal.DriverManagerConnectionProviderImpl 124 buildCreator - HHH10001001: Connection properties: {}
05 May 2023 02:31:11,893 INFO  org.hibernate.engine.jdbc.connections.internal.DriverManagerConnectionProviderImpl 129 buildCreator - HHH10001003: Autocommit mode: false
05 May 2023 02:31:11,896 INFO  org.hibernate.engine.jdbc.connections.internal.DriverManagerConnectionProviderImpl$PooledConnections 259 <init> - HHH000115: Hibernate connection pool size: 20 (min=1)
05 May 2023 02:31:12,046 INFO  org.hibernate.dialect.Dialect 175 <init> - HHH000400: Using dialect: triathlon.persistence.org.hibernate.dialect.SQLiteDialect
05 May 2023 02:31:12,576 INFO  org.hibernate.resource.transaction.backend.jdbc.internal.DdlTransactionIsolatorNonJtaImpl 47 getIsolatedConnection - HHH10001501: Connection obtained from JdbcConnectionAccess [org.hibernate.engine.jdbc.env.internal.JdbcEnvironmentInitiator$ConnectionProviderJdbcConnectionAccess@2a2dc0a] for (non-JTA) DDL execution was not in auto-commit mode; the Connection 'local transaction' will be committed and the Connection will be set into auto-commit mode.
05 May 2023 02:31:12,584 INFO  org.hibernate.resource.transaction.backend.jdbc.internal.DdlTransactionIsolatorNonJtaImpl 47 getIsolatedConnection - HHH10001501: Connection obtained from JdbcConnectionAccess [org.hibernate.engine.jdbc.env.internal.JdbcEnvironmentInitiator$ConnectionProviderJdbcConnectionAccess@4ac8768e] for (non-JTA) DDL execution was not in auto-commit mode; the Connection 'local transaction' will be committed and the Connection will be set into auto-commit mode.
05 May 2023 02:31:12,593 INFO  org.hibernate.engine.transaction.jta.platform.internal.JtaPlatformInitiator 52 initiateService - HHH000490: Using JtaPlatform implementation: [org.hibernate.engine.transaction.jta.platform.internal.NoJtaPlatform]
05 May 2023 02:31:12,774 INFO  org.hibernate.engine.jdbc.connections.internal.DriverManagerConnectionProviderImpl$PoolState 428 stop - HHH10001008: Cleaning up connection pool [jdbc:sqlite:C:\\FACULTATE\\Anul 2\\Semestrul 2\\Medii de Proiectare si Programare\\Laboratoare\\mpp-proiect-java-PaulaBeatrice\\triatlon.db]
05 May 2023 02:34:27,164 INFO  org.hibernate.Version 44 logVersion - HHH000412: Hibernate ORM core version 5.4.30.Final
05 May 2023 02:34:27,545 INFO  org.hibernate.annotations.common.reflection.java.JavaReflectionManager 56 <clinit> - HCANN000001: Hibernate Commons Annotations {5.1.2.Final}
05 May 2023 02:34:28,074 WARN  org.hibernate.engine.jdbc.connections.internal.DriverManagerConnectionProviderImpl 72 configure - HHH10001002: Using Hibernate built-in connection pool (not for production use!)
05 May 2023 02:34:28,077 INFO  org.hibernate.engine.jdbc.connections.internal.DriverManagerConnectionProviderImpl 115 buildCreator - HHH10001005: using driver [org.sqlite.JDBC] at URL [jdbc:sqlite:C:\\FACULTATE\\Anul 2\\Semestrul 2\\Medii de Proiectare si Programare\\Laboratoare\\mpp-proiect-java-PaulaBeatrice\\triatlon.db]
05 May 2023 02:34:28,077 INFO  org.hibernate.engine.jdbc.connections.internal.DriverManagerConnectionProviderImpl 124 buildCreator - HHH10001001: Connection properties: {}
05 May 2023 02:34:28,078 INFO  org.hibernate.engine.jdbc.connections.internal.DriverManagerConnectionProviderImpl 129 buildCreator - HHH10001003: Autocommit mode: false
05 May 2023 02:34:28,081 INFO  org.hibernate.engine.jdbc.connections.internal.DriverManagerConnectionProviderImpl$PooledConnections 259 <init> - HHH000115: Hibernate connection pool size: 20 (min=1)
05 May 2023 02:34:28,228 INFO  org.hibernate.dialect.Dialect 175 <init> - HHH000400: Using dialect: triathlon.persistence.org.hibernate.dialect.SQLiteDialect
05 May 2023 02:34:28,779 INFO  org.hibernate.resource.transaction.backend.jdbc.internal.DdlTransactionIsolatorNonJtaImpl 47 getIsolatedConnection - HHH10001501: Connection obtained from JdbcConnectionAccess [org.hibernate.engine.jdbc.env.internal.JdbcEnvironmentInitiator$ConnectionProviderJdbcConnectionAccess@5b202ff] for (non-JTA) DDL execution was not in auto-commit mode; the Connection 'local transaction' will be committed and the Connection will be set into auto-commit mode.
05 May 2023 02:34:28,787 INFO  org.hibernate.engine.jdbc.connections.internal.DriverManagerConnectionProviderImpl$PoolState 428 stop - HHH10001008: Cleaning up connection pool [jdbc:sqlite:C:\\FACULTATE\\Anul 2\\Semestrul 2\\Medii de Proiectare si Programare\\Laboratoare\\mpp-proiect-java-PaulaBeatrice\\triatlon.db]
05 May 2023 02:35:26,083 INFO  org.hibernate.Version 44 logVersion - HHH000412: Hibernate ORM core version 5.4.30.Final
05 May 2023 02:35:26,494 INFO  org.hibernate.annotations.common.reflection.java.JavaReflectionManager 56 <clinit> - HCANN000001: Hibernate Commons Annotations {5.1.2.Final}
05 May 2023 02:35:27,026 WARN  org.hibernate.engine.jdbc.connections.internal.DriverManagerConnectionProviderImpl 72 configure - HHH10001002: Using Hibernate built-in connection pool (not for production use!)
05 May 2023 02:35:27,029 INFO  org.hibernate.engine.jdbc.connections.internal.DriverManagerConnectionProviderImpl 115 buildCreator - HHH10001005: using driver [org.sqlite.JDBC] at URL [jdbc:sqlite:C:\\FACULTATE\\Anul 2\\Semestrul 2\\Medii de Proiectare si Programare\\Laboratoare\\mpp-proiect-java-PaulaBeatrice\\triatlon.db]
05 May 2023 02:35:27,029 INFO  org.hibernate.engine.jdbc.connections.internal.DriverManagerConnectionProviderImpl 124 buildCreator - HHH10001001: Connection properties: {}
05 May 2023 02:35:27,030 INFO  org.hibernate.engine.jdbc.connections.internal.DriverManagerConnectionProviderImpl 129 buildCreator - HHH10001003: Autocommit mode: false
05 May 2023 02:35:27,033 INFO  org.hibernate.engine.jdbc.connections.internal.DriverManagerConnectionProviderImpl$PooledConnections 259 <init> - HHH000115: Hibernate connection pool size: 20 (min=1)
05 May 2023 02:35:27,177 INFO  org.hibernate.dialect.Dialect 175 <init> - HHH000400: Using dialect: triathlon.persistence.org.hibernate.dialect.SQLiteDialect
05 May 2023 02:35:27,817 INFO  org.hibernate.resource.transaction.backend.jdbc.internal.DdlTransactionIsolatorNonJtaImpl 47 getIsolatedConnection - HHH10001501: Connection obtained from JdbcConnectionAccess [org.hibernate.engine.jdbc.env.internal.JdbcEnvironmentInitiator$ConnectionProviderJdbcConnectionAccess@5b202ff] for (non-JTA) DDL execution was not in auto-commit mode; the Connection 'local transaction' will be committed and the Connection will be set into auto-commit mode.
05 May 2023 02:35:27,827 INFO  org.hibernate.engine.jdbc.connections.internal.DriverManagerConnectionProviderImpl$PoolState 428 stop - HHH10001008: Cleaning up connection pool [jdbc:sqlite:C:\\FACULTATE\\Anul 2\\Semestrul 2\\Medii de Proiectare si Programare\\Laboratoare\\mpp-proiect-java-PaulaBeatrice\\triatlon.db]
05 May 2023 02:36:19,396 INFO  org.hibernate.Version 44 logVersion - HHH000412: Hibernate ORM core version 5.4.30.Final
05 May 2023 02:36:19,809 INFO  org.hibernate.annotations.common.reflection.java.JavaReflectionManager 56 <clinit> - HCANN000001: Hibernate Commons Annotations {5.1.2.Final}
05 May 2023 02:36:20,379 WARN  org.hibernate.engine.jdbc.connections.internal.DriverManagerConnectionProviderImpl 72 configure - HHH10001002: Using Hibernate built-in connection pool (not for production use!)
05 May 2023 02:36:20,382 INFO  org.hibernate.engine.jdbc.connections.internal.DriverManagerConnectionProviderImpl 115 buildCreator - HHH10001005: using driver [org.sqlite.JDBC] at URL [jdbc:sqlite:C:\\FACULTATE\\Anul 2\\Semestrul 2\\Medii de Proiectare si Programare\\Laboratoare\\mpp-proiect-java-PaulaBeatrice\\triatlon.db]
05 May 2023 02:36:20,383 INFO  org.hibernate.engine.jdbc.connections.internal.DriverManagerConnectionProviderImpl 124 buildCreator - HHH10001001: Connection properties: {}
05 May 2023 02:36:20,384 INFO  org.hibernate.engine.jdbc.connections.internal.DriverManagerConnectionProviderImpl 129 buildCreator - HHH10001003: Autocommit mode: false
05 May 2023 02:36:20,387 INFO  org.hibernate.engine.jdbc.connections.internal.DriverManagerConnectionProviderImpl$PooledConnections 259 <init> - HHH000115: Hibernate connection pool size: 20 (min=1)
05 May 2023 02:36:20,532 INFO  org.hibernate.dialect.Dialect 175 <init> - HHH000400: Using dialect: triathlon.persistence.org.hibernate.dialect.SQLiteDialect
05 May 2023 02:36:21,096 INFO  org.hibernate.resource.transaction.backend.jdbc.internal.DdlTransactionIsolatorNonJtaImpl 47 getIsolatedConnection - HHH10001501: Connection obtained from JdbcConnectionAccess [org.hibernate.engine.jdbc.env.internal.JdbcEnvironmentInitiator$ConnectionProviderJdbcConnectionAccess@5b202ff] for (non-JTA) DDL execution was not in auto-commit mode; the Connection 'local transaction' will be committed and the Connection will be set into auto-commit mode.
05 May 2023 02:36:21,107 INFO  org.hibernate.engine.jdbc.connections.internal.DriverManagerConnectionProviderImpl$PoolState 428 stop - HHH10001008: Cleaning up connection pool [jdbc:sqlite:C:\\FACULTATE\\Anul 2\\Semestrul 2\\Medii de Proiectare si Programare\\Laboratoare\\mpp-proiect-java-PaulaBeatrice\\triatlon.db]
05 May 2023 02:44:05,431 INFO  org.hibernate.Version 44 logVersion - HHH000412: Hibernate ORM core version 5.4.30.Final
05 May 2023 02:44:05,878 INFO  org.hibernate.annotations.common.reflection.java.JavaReflectionManager 56 <clinit> - HCANN000001: Hibernate Commons Annotations {5.1.2.Final}
05 May 2023 02:44:06,375 WARN  org.hibernate.engine.jdbc.connections.internal.DriverManagerConnectionProviderImpl 72 configure - HHH10001002: Using Hibernate built-in connection pool (not for production use!)
05 May 2023 02:44:06,379 INFO  org.hibernate.engine.jdbc.connections.internal.DriverManagerConnectionProviderImpl 115 buildCreator - HHH10001005: using driver [org.sqlite.JDBC] at URL [jdbc:sqlite:C:\\FACULTATE\\Anul 2\\Semestrul 2\\Medii de Proiectare si Programare\\Laboratoare\\mpp-proiect-java-PaulaBeatrice\\triatlon.db]
05 May 2023 02:44:06,379 INFO  org.hibernate.engine.jdbc.connections.internal.DriverManagerConnectionProviderImpl 124 buildCreator - HHH10001001: Connection properties: {}
05 May 2023 02:44:06,380 INFO  org.hibernate.engine.jdbc.connections.internal.DriverManagerConnectionProviderImpl 129 buildCreator - HHH10001003: Autocommit mode: false
05 May 2023 02:44:06,382 INFO  org.hibernate.engine.jdbc.connections.internal.DriverManagerConnectionProviderImpl$PooledConnections 259 <init> - HHH000115: Hibernate connection pool size: 20 (min=1)
05 May 2023 02:44:06,542 INFO  org.hibernate.dialect.Dialect 175 <init> - HHH000400: Using dialect: triathlon.persistence.org.hibernate.dialect.SQLiteDialect
05 May 2023 02:44:07,077 INFO  org.hibernate.resource.transaction.backend.jdbc.internal.DdlTransactionIsolatorNonJtaImpl 47 getIsolatedConnection - HHH10001501: Connection obtained from JdbcConnectionAccess [org.hibernate.engine.jdbc.env.internal.JdbcEnvironmentInitiator$ConnectionProviderJdbcConnectionAccess@5b202ff] for (non-JTA) DDL execution was not in auto-commit mode; the Connection 'local transaction' will be committed and the Connection will be set into auto-commit mode.
05 May 2023 02:44:07,083 INFO  org.hibernate.engine.jdbc.connections.internal.DriverManagerConnectionProviderImpl$PoolState 428 stop - HHH10001008: Cleaning up connection pool [jdbc:sqlite:C:\\FACULTATE\\Anul 2\\Semestrul 2\\Medii de Proiectare si Programare\\Laboratoare\\mpp-proiect-java-PaulaBeatrice\\triatlon.db]
05 May 2023 02:45:33,744 INFO  org.hibernate.Version 44 logVersion - HHH000412: Hibernate ORM core version 5.4.30.Final
05 May 2023 02:45:34,176 INFO  org.hibernate.annotations.common.reflection.java.JavaReflectionManager 56 <clinit> - HCANN000001: Hibernate Commons Annotations {5.1.2.Final}
05 May 2023 02:45:34,724 WARN  org.hibernate.engine.jdbc.connections.internal.DriverManagerConnectionProviderImpl 72 configure - HHH10001002: Using Hibernate built-in connection pool (not for production use!)
05 May 2023 02:45:34,727 INFO  org.hibernate.engine.jdbc.connections.internal.DriverManagerConnectionProviderImpl 115 buildCreator - HHH10001005: using driver [org.sqlite.JDBC] at URL [jdbc:sqlite:C:\\FACULTATE\\Anul 2\\Semestrul 2\\Medii de Proiectare si Programare\\Laboratoare\\mpp-proiect-java-PaulaBeatrice\\triatlon.db]
05 May 2023 02:45:34,728 INFO  org.hibernate.engine.jdbc.connections.internal.DriverManagerConnectionProviderImpl 124 buildCreator - HHH10001001: Connection properties: {}
05 May 2023 02:45:34,728 INFO  org.hibernate.engine.jdbc.connections.internal.DriverManagerConnectionProviderImpl 129 buildCreator - HHH10001003: Autocommit mode: false
05 May 2023 02:45:34,732 INFO  org.hibernate.engine.jdbc.connections.internal.DriverManagerConnectionProviderImpl$PooledConnections 259 <init> - HHH000115: Hibernate connection pool size: 20 (min=1)
05 May 2023 02:45:34,860 INFO  org.hibernate.dialect.Dialect 175 <init> - HHH000400: Using dialect: triathlon.persistence.org.hibernate.dialect.SQLiteDialect
05 May 2023 02:45:35,449 INFO  org.hibernate.resource.transaction.backend.jdbc.internal.DdlTransactionIsolatorNonJtaImpl 47 getIsolatedConnection - HHH10001501: Connection obtained from JdbcConnectionAccess [org.hibernate.engine.jdbc.env.internal.JdbcEnvironmentInitiator$ConnectionProviderJdbcConnectionAccess@5b202ff] for (non-JTA) DDL execution was not in auto-commit mode; the Connection 'local transaction' will be committed and the Connection will be set into auto-commit mode.
05 May 2023 02:45:35,461 INFO  org.hibernate.engine.jdbc.connections.internal.DriverManagerConnectionProviderImpl$PoolState 428 stop - HHH10001008: Cleaning up connection pool [jdbc:sqlite:C:\\FACULTATE\\Anul 2\\Semestrul 2\\Medii de Proiectare si Programare\\Laboratoare\\mpp-proiect-java-PaulaBeatrice\\triatlon.db]
05 May 2023 02:49:03,495 INFO  org.hibernate.Version 44 logVersion - HHH000412: Hibernate ORM core version 5.4.30.Final
05 May 2023 02:49:03,884 INFO  org.hibernate.annotations.common.reflection.java.JavaReflectionManager 56 <clinit> - HCANN000001: Hibernate Commons Annotations {5.1.2.Final}
05 May 2023 02:49:04,453 WARN  org.hibernate.engine.jdbc.connections.internal.DriverManagerConnectionProviderImpl 72 configure - HHH10001002: Using Hibernate built-in connection pool (not for production use!)
05 May 2023 02:49:04,456 INFO  org.hibernate.engine.jdbc.connections.internal.DriverManagerConnectionProviderImpl 115 buildCreator - HHH10001005: using driver [org.sqlite.JDBC] at URL [jdbc:sqlite:C:\\FACULTATE\\Anul 2\\Semestrul 2\\Medii de Proiectare si Programare\\Laboratoare\\mpp-proiect-java-PaulaBeatrice\\triatlon.db]
05 May 2023 02:49:04,457 INFO  org.hibernate.engine.jdbc.connections.internal.DriverManagerConnectionProviderImpl 124 buildCreator - HHH10001001: Connection properties: {}
05 May 2023 02:49:04,457 INFO  org.hibernate.engine.jdbc.connections.internal.DriverManagerConnectionProviderImpl 129 buildCreator - HHH10001003: Autocommit mode: false
05 May 2023 02:49:04,459 INFO  org.hibernate.engine.jdbc.connections.internal.DriverManagerConnectionProviderImpl$PooledConnections 259 <init> - HHH000115: Hibernate connection pool size: 20 (min=1)
05 May 2023 02:49:04,674 INFO  org.hibernate.dialect.Dialect 175 <init> - HHH000400: Using dialect: triathlon.persistence.org.hibernate.dialect.SQLiteDialect
05 May 2023 02:49:05,259 INFO  org.hibernate.resource.transaction.backend.jdbc.internal.DdlTransactionIsolatorNonJtaImpl 47 getIsolatedConnection - HHH10001501: Connection obtained from JdbcConnectionAccess [org.hibernate.engine.jdbc.env.internal.JdbcEnvironmentInitiator$ConnectionProviderJdbcConnectionAccess@5b202ff] for (non-JTA) DDL execution was not in auto-commit mode; the Connection 'local transaction' will be committed and the Connection will be set into auto-commit mode.
05 May 2023 02:49:05,268 INFO  org.hibernate.engine.jdbc.connections.internal.DriverManagerConnectionProviderImpl$PoolState 428 stop - HHH10001008: Cleaning up connection pool [jdbc:sqlite:C:\\FACULTATE\\Anul 2\\Semestrul 2\\Medii de Proiectare si Programare\\Laboratoare\\mpp-proiect-java-PaulaBeatrice\\triatlon.db]
05 May 2023 03:14:13,607 INFO  org.hibernate.Version 44 logVersion - HHH000412: Hibernate ORM core version 5.4.30.Final
05 May 2023 03:14:14,133 INFO  org.hibernate.annotations.common.reflection.java.JavaReflectionManager 56 <clinit> - HCANN000001: Hibernate Commons Annotations {5.1.2.Final}
05 May 2023 03:14:14,830 WARN  org.hibernate.engine.jdbc.connections.internal.DriverManagerConnectionProviderImpl 72 configure - HHH10001002: Using Hibernate built-in connection pool (not for production use!)
05 May 2023 03:14:14,840 INFO  org.hibernate.engine.jdbc.connections.internal.DriverManagerConnectionProviderImpl 115 buildCreator - HHH10001005: using driver [org.sqlite.JDBC] at URL [jdbc:sqlite:C:\\FACULTATE\\Anul 2\\Semestrul 2\\Medii de Proiectare si Programare\\Laboratoare\\mpp-proiect-java-PaulaBeatrice\\triatlon.db]
05 May 2023 03:14:14,841 INFO  org.hibernate.engine.jdbc.connections.internal.DriverManagerConnectionProviderImpl 124 buildCreator - HHH10001001: Connection properties: {}
05 May 2023 03:14:14,842 INFO  org.hibernate.engine.jdbc.connections.internal.DriverManagerConnectionProviderImpl 129 buildCreator - HHH10001003: Autocommit mode: false
05 May 2023 03:14:14,846 INFO  org.hibernate.engine.jdbc.connections.internal.DriverManagerConnectionProviderImpl$PooledConnections 259 <init> - HHH000115: Hibernate connection pool size: 20 (min=1)
05 May 2023 03:14:15,132 INFO  org.hibernate.dialect.Dialect 175 <init> - HHH000400: Using dialect: triathlon.persistence.org.hibernate.dialect.SQLiteDialect
05 May 2023 03:14:15,914 INFO  org.hibernate.resource.transaction.backend.jdbc.internal.DdlTransactionIsolatorNonJtaImpl 47 getIsolatedConnection - HHH10001501: Connection obtained from JdbcConnectionAccess [org.hibernate.engine.jdbc.env.internal.JdbcEnvironmentInitiator$ConnectionProviderJdbcConnectionAccess@1fd7a37] for (non-JTA) DDL execution was not in auto-commit mode; the Connection 'local transaction' will be committed and the Connection will be set into auto-commit mode.
05 May 2023 03:14:15,923 INFO  org.hibernate.engine.jdbc.connections.internal.DriverManagerConnectionProviderImpl$PoolState 428 stop - HHH10001008: Cleaning up connection pool [jdbc:sqlite:C:\\FACULTATE\\Anul 2\\Semestrul 2\\Medii de Proiectare si Programare\\Laboratoare\\mpp-proiect-java-PaulaBeatrice\\triatlon.db]
05 May 2023 15:08:32,274 INFO  org.hibernate.Version 44 logVersion - HHH000412: Hibernate ORM core version 5.4.30.Final
05 May 2023 15:08:32,876 INFO  org.hibernate.annotations.common.reflection.java.JavaReflectionManager 56 <clinit> - HCANN000001: Hibernate Commons Annotations {5.1.2.Final}
05 May 2023 15:08:33,435 WARN  org.hibernate.engine.jdbc.connections.internal.DriverManagerConnectionProviderImpl 72 configure - HHH10001002: Using Hibernate built-in connection pool (not for production use!)
05 May 2023 15:08:33,438 INFO  org.hibernate.engine.jdbc.connections.internal.DriverManagerConnectionProviderImpl 115 buildCreator - HHH10001005: using driver [org.sqlite.JDBC] at URL [jdbc:sqlite:C:\\FACULTATE\\Anul 2\\Semestrul 2\\Medii de Proiectare si Programare\\Laboratoare\\mpp-proiect-java-PaulaBeatrice\\triatlon.db]
05 May 2023 15:08:33,439 INFO  org.hibernate.engine.jdbc.connections.internal.DriverManagerConnectionProviderImpl 124 buildCreator - HHH10001001: Connection properties: {}
05 May 2023 15:08:33,439 INFO  org.hibernate.engine.jdbc.connections.internal.DriverManagerConnectionProviderImpl 129 buildCreator - HHH10001003: Autocommit mode: false
05 May 2023 15:08:33,441 INFO  org.hibernate.engine.jdbc.connections.internal.DriverManagerConnectionProviderImpl$PooledConnections 259 <init> - HHH000115: Hibernate connection pool size: 20 (min=1)
05 May 2023 15:08:33,686 INFO  org.hibernate.dialect.Dialect 175 <init> - HHH000400: Using dialect: triathlon.persistence.org.hibernate.dialect.SQLiteDialect
05 May 2023 15:08:34,288 INFO  org.hibernate.resource.transaction.backend.jdbc.internal.DdlTransactionIsolatorNonJtaImpl 47 getIsolatedConnection - HHH10001501: Connection obtained from JdbcConnectionAccess [org.hibernate.engine.jdbc.env.internal.JdbcEnvironmentInitiator$ConnectionProviderJdbcConnectionAccess@5b202ff] for (non-JTA) DDL execution was not in auto-commit mode; the Connection 'local transaction' will be committed and the Connection will be set into auto-commit mode.
05 May 2023 15:08:34,316 INFO  org.hibernate.engine.jdbc.connections.internal.DriverManagerConnectionProviderImpl$PoolState 428 stop - HHH10001008: Cleaning up connection pool [jdbc:sqlite:C:\\FACULTATE\\Anul 2\\Semestrul 2\\Medii de Proiectare si Programare\\Laboratoare\\mpp-proiect-java-PaulaBeatrice\\triatlon.db]
05 May 2023 15:09:07,210 INFO  org.hibernate.Version 44 logVersion - HHH000412: Hibernate ORM core version 5.4.30.Final
05 May 2023 15:09:07,598 INFO  org.hibernate.annotations.common.reflection.java.JavaReflectionManager 56 <clinit> - HCANN000001: Hibernate Commons Annotations {5.1.2.Final}
05 May 2023 15:09:08,209 WARN  org.hibernate.engine.jdbc.connections.internal.DriverManagerConnectionProviderImpl 72 configure - HHH10001002: Using Hibernate built-in connection pool (not for production use!)
05 May 2023 15:09:08,212 INFO  org.hibernate.engine.jdbc.connections.internal.DriverManagerConnectionProviderImpl 115 buildCreator - HHH10001005: using driver [org.sqlite.JDBC] at URL [jdbc:sqlite:C:\\FACULTATE\\Anul 2\\Semestrul 2\\Medii de Proiectare si Programare\\Laboratoare\\mpp-proiect-java-PaulaBeatrice\\triatlon.db]
05 May 2023 15:09:08,213 INFO  org.hibernate.engine.jdbc.connections.internal.DriverManagerConnectionProviderImpl 124 buildCreator - HHH10001001: Connection properties: {}
05 May 2023 15:09:08,213 INFO  org.hibernate.engine.jdbc.connections.internal.DriverManagerConnectionProviderImpl 129 buildCreator - HHH10001003: Autocommit mode: false
05 May 2023 15:09:08,216 INFO  org.hibernate.engine.jdbc.connections.internal.DriverManagerConnectionProviderImpl$PooledConnections 259 <init> - HHH000115: Hibernate connection pool size: 20 (min=1)
05 May 2023 15:09:08,381 INFO  org.hibernate.dialect.Dialect 175 <init> - HHH000400: Using dialect: triathlon.persistence.org.hibernate.dialect.SQLiteDialect
05 May 2023 15:09:08,933 INFO  org.hibernate.resource.transaction.backend.jdbc.internal.DdlTransactionIsolatorNonJtaImpl 47 getIsolatedConnection - HHH10001501: Connection obtained from JdbcConnectionAccess [org.hibernate.engine.jdbc.env.internal.JdbcEnvironmentInitiator$ConnectionProviderJdbcConnectionAccess@2a2dc0a] for (non-JTA) DDL execution was not in auto-commit mode; the Connection 'local transaction' will be committed and the Connection will be set into auto-commit mode.
05 May 2023 15:09:08,942 INFO  org.hibernate.resource.transaction.backend.jdbc.internal.DdlTransactionIsolatorNonJtaImpl 47 getIsolatedConnection - HHH10001501: Connection obtained from JdbcConnectionAccess [org.hibernate.engine.jdbc.env.internal.JdbcEnvironmentInitiator$ConnectionProviderJdbcConnectionAccess@4ac8768e] for (non-JTA) DDL execution was not in auto-commit mode; the Connection 'local transaction' will be committed and the Connection will be set into auto-commit mode.
05 May 2023 15:09:08,954 INFO  org.hibernate.engine.transaction.jta.platform.internal.JtaPlatformInitiator 52 initiateService - HHH000490: Using JtaPlatform implementation: [org.hibernate.engine.transaction.jta.platform.internal.NoJtaPlatform]
05 May 2023 15:09:09,135 INFO  org.hibernate.engine.jdbc.connections.internal.DriverManagerConnectionProviderImpl$PoolState 428 stop - HHH10001008: Cleaning up connection pool [jdbc:sqlite:C:\\FACULTATE\\Anul 2\\Semestrul 2\\Medii de Proiectare si Programare\\Laboratoare\\mpp-proiect-java-PaulaBeatrice\\triatlon.db]
05 May 2023 15:10:55,638 INFO  org.hibernate.Version 44 logVersion - HHH000412: Hibernate ORM core version 5.4.30.Final
05 May 2023 15:10:56,010 INFO  org.hibernate.annotations.common.reflection.java.JavaReflectionManager 56 <clinit> - HCANN000001: Hibernate Commons Annotations {5.1.2.Final}
05 May 2023 15:10:56,534 WARN  org.hibernate.engine.jdbc.connections.internal.DriverManagerConnectionProviderImpl 72 configure - HHH10001002: Using Hibernate built-in connection pool (not for production use!)
05 May 2023 15:10:56,537 INFO  org.hibernate.engine.jdbc.connections.internal.DriverManagerConnectionProviderImpl 115 buildCreator - HHH10001005: using driver [org.sqlite.JDBC] at URL [jdbc:sqlite:C:\\FACULTATE\\Anul 2\\Semestrul 2\\Medii de Proiectare si Programare\\Laboratoare\\mpp-proiect-java-PaulaBeatrice\\triatlon.db]
05 May 2023 15:10:56,537 INFO  org.hibernate.engine.jdbc.connections.internal.DriverManagerConnectionProviderImpl 124 buildCreator - HHH10001001: Connection properties: {}
05 May 2023 15:10:56,537 INFO  org.hibernate.engine.jdbc.connections.internal.DriverManagerConnectionProviderImpl 129 buildCreator - HHH10001003: Autocommit mode: false
05 May 2023 15:10:56,540 INFO  org.hibernate.engine.jdbc.connections.internal.DriverManagerConnectionProviderImpl$PooledConnections 259 <init> - HHH000115: Hibernate connection pool size: 20 (min=1)
05 May 2023 15:10:56,694 INFO  org.hibernate.dialect.Dialect 175 <init> - HHH000400: Using dialect: triathlon.persistence.org.hibernate.dialect.SQLiteDialect
05 May 2023 15:10:57,216 INFO  org.hibernate.resource.transaction.backend.jdbc.internal.DdlTransactionIsolatorNonJtaImpl 47 getIsolatedConnection - HHH10001501: Connection obtained from JdbcConnectionAccess [org.hibernate.engine.jdbc.env.internal.JdbcEnvironmentInitiator$ConnectionProviderJdbcConnectionAccess@5b202ff] for (non-JTA) DDL execution was not in auto-commit mode; the Connection 'local transaction' will be committed and the Connection will be set into auto-commit mode.
05 May 2023 15:10:57,223 INFO  org.hibernate.engine.jdbc.connections.internal.DriverManagerConnectionProviderImpl$PoolState 428 stop - HHH10001008: Cleaning up connection pool [jdbc:sqlite:C:\\FACULTATE\\Anul 2\\Semestrul 2\\Medii de Proiectare si Programare\\Laboratoare\\mpp-proiect-java-PaulaBeatrice\\triatlon.db]
05 May 2023 15:11:38,315 INFO  org.hibernate.Version 44 logVersion - HHH000412: Hibernate ORM core version 5.4.30.Final
05 May 2023 15:11:38,690 INFO  org.hibernate.annotations.common.reflection.java.JavaReflectionManager 56 <clinit> - HCANN000001: Hibernate Commons Annotations {5.1.2.Final}
05 May 2023 15:11:39,202 WARN  org.hibernate.engine.jdbc.connections.internal.DriverManagerConnectionProviderImpl 72 configure - HHH10001002: Using Hibernate built-in connection pool (not for production use!)
05 May 2023 15:11:39,206 INFO  org.hibernate.engine.jdbc.connections.internal.DriverManagerConnectionProviderImpl 115 buildCreator - HHH10001005: using driver [org.sqlite.JDBC] at URL [jdbc:sqlite:C:\\FACULTATE\\Anul 2\\Semestrul 2\\Medii de Proiectare si Programare\\Laboratoare\\mpp-proiect-java-PaulaBeatrice\\triatlon.db]
05 May 2023 15:11:39,206 INFO  org.hibernate.engine.jdbc.connections.internal.DriverManagerConnectionProviderImpl 124 buildCreator - HHH10001001: Connection properties: {}
05 May 2023 15:11:39,207 INFO  org.hibernate.engine.jdbc.connections.internal.DriverManagerConnectionProviderImpl 129 buildCreator - HHH10001003: Autocommit mode: false
05 May 2023 15:11:39,209 INFO  org.hibernate.engine.jdbc.connections.internal.DriverManagerConnectionProviderImpl$PooledConnections 259 <init> - HHH000115: Hibernate connection pool size: 20 (min=1)
05 May 2023 15:11:39,367 INFO  org.hibernate.dialect.Dialect 175 <init> - HHH000400: Using dialect: triathlon.persistence.org.hibernate.dialect.SQLiteDialect
05 May 2023 15:11:39,897 INFO  org.hibernate.resource.transaction.backend.jdbc.internal.DdlTransactionIsolatorNonJtaImpl 47 getIsolatedConnection - HHH10001501: Connection obtained from JdbcConnectionAccess [org.hibernate.engine.jdbc.env.internal.JdbcEnvironmentInitiator$ConnectionProviderJdbcConnectionAccess@5b202ff] for (non-JTA) DDL execution was not in auto-commit mode; the Connection 'local transaction' will be committed and the Connection will be set into auto-commit mode.
05 May 2023 15:11:39,906 INFO  org.hibernate.engine.jdbc.connections.internal.DriverManagerConnectionProviderImpl$PoolState 428 stop - HHH10001008: Cleaning up connection pool [jdbc:sqlite:C:\\FACULTATE\\Anul 2\\Semestrul 2\\Medii de Proiectare si Programare\\Laboratoare\\mpp-proiect-java-PaulaBeatrice\\triatlon.db]
05 May 2023 18:59:41,045 INFO  org.hibernate.Version 44 logVersion - HHH000412: Hibernate ORM core version 5.4.30.Final
05 May 2023 18:59:42,189 INFO  org.hibernate.annotations.common.reflection.java.JavaReflectionManager 56 <clinit> - HCANN000001: Hibernate Commons Annotations {5.1.2.Final}
05 May 2023 18:59:43,495 WARN  org.hibernate.engine.jdbc.connections.internal.DriverManagerConnectionProviderImpl 72 configure - HHH10001002: Using Hibernate built-in connection pool (not for production use!)
05 May 2023 18:59:43,503 INFO  org.hibernate.engine.jdbc.connections.internal.DriverManagerConnectionProviderImpl 115 buildCreator - HHH10001005: using driver [org.sqlite.JDBC] at URL [jdbc:sqlite:C:\\FACULTATE\\Anul 2\\Semestrul 2\\Medii de Proiectare si Programare\\Laboratoare\\mpp-proiect-java-PaulaBeatrice\\triatlon.db]
05 May 2023 18:59:43,504 INFO  org.hibernate.engine.jdbc.connections.internal.DriverManagerConnectionProviderImpl 124 buildCreator - HHH10001001: Connection properties: {}
05 May 2023 18:59:43,505 INFO  org.hibernate.engine.jdbc.connections.internal.DriverManagerConnectionProviderImpl 129 buildCreator - HHH10001003: Autocommit mode: false
05 May 2023 18:59:43,512 INFO  org.hibernate.engine.jdbc.connections.internal.DriverManagerConnectionProviderImpl$PooledConnections 259 <init> - HHH000115: Hibernate connection pool size: 20 (min=1)
05 May 2023 18:59:43,980 INFO  org.hibernate.dialect.Dialect 175 <init> - HHH000400: Using dialect: triathlon.persistence.org.hibernate.dialect.SQLiteDialect
05 May 2023 18:59:45,439 INFO  org.hibernate.resource.transaction.backend.jdbc.internal.DdlTransactionIsolatorNonJtaImpl 47 getIsolatedConnection - HHH10001501: Connection obtained from JdbcConnectionAccess [org.hibernate.engine.jdbc.env.internal.JdbcEnvironmentInitiator$ConnectionProviderJdbcConnectionAccess@5b202ff] for (non-JTA) DDL execution was not in auto-commit mode; the Connection 'local transaction' will be committed and the Connection will be set into auto-commit mode.
05 May 2023 18:59:45,461 INFO  org.hibernate.engine.jdbc.connections.internal.DriverManagerConnectionProviderImpl$PoolState 428 stop - HHH10001008: Cleaning up connection pool [jdbc:sqlite:C:\\FACULTATE\\Anul 2\\Semestrul 2\\Medii de Proiectare si Programare\\Laboratoare\\mpp-proiect-java-PaulaBeatrice\\triatlon.db]
05 May 2023 19:02:47,137 INFO  org.hibernate.Version 44 logVersion - HHH000412: Hibernate ORM core version 5.4.30.Final
05 May 2023 19:02:47,573 INFO  org.hibernate.annotations.common.reflection.java.JavaReflectionManager 56 <clinit> - HCANN000001: Hibernate Commons Annotations {5.1.2.Final}
05 May 2023 19:02:48,293 WARN  org.hibernate.engine.jdbc.connections.internal.DriverManagerConnectionProviderImpl 72 configure - HHH10001002: Using Hibernate built-in connection pool (not for production use!)
05 May 2023 19:02:48,299 INFO  org.hibernate.engine.jdbc.connections.internal.DriverManagerConnectionProviderImpl 115 buildCreator - HHH10001005: using driver [org.sqlite.JDBC] at URL [sss]
05 May 2023 19:02:48,301 INFO  org.hibernate.engine.jdbc.connections.internal.DriverManagerConnectionProviderImpl 124 buildCreator - HHH10001001: Connection properties: {}
05 May 2023 19:02:48,303 INFO  org.hibernate.engine.jdbc.connections.internal.DriverManagerConnectionProviderImpl 129 buildCreator - HHH10001003: Autocommit mode: false
05 May 2023 19:02:48,308 INFO  org.hibernate.engine.jdbc.connections.internal.DriverManagerConnectionProviderImpl$PooledConnections 259 <init> - HHH000115: Hibernate connection pool size: 20 (min=1)
05 May 2023 19:03:52,213 INFO  org.hibernate.Version 44 logVersion - HHH000412: Hibernate ORM core version 5.4.30.Final
05 May 2023 19:03:52,656 INFO  org.hibernate.annotations.common.reflection.java.JavaReflectionManager 56 <clinit> - HCANN000001: Hibernate Commons Annotations {5.1.2.Final}
05 May 2023 19:03:53,389 WARN  org.hibernate.engine.jdbc.connections.internal.DriverManagerConnectionProviderImpl 72 configure - HHH10001002: Using Hibernate built-in connection pool (not for production use!)
05 May 2023 19:03:53,393 INFO  org.hibernate.engine.jdbc.connections.internal.DriverManagerConnectionProviderImpl 115 buildCreator - HHH10001005: using driver [org.sqlite.JDBC] at URL [jdbc:sqlite:C:\\FACULTATE\\Anul 2\\Semestrul 2\\Medii de Proiectare si Programare\\Laboratoare\\mpp-proiect-java-PaulaBeatrice\\triatlon.db]
05 May 2023 19:03:53,394 INFO  org.hibernate.engine.jdbc.connections.internal.DriverManagerConnectionProviderImpl 124 buildCreator - HHH10001001: Connection properties: {}
05 May 2023 19:03:53,394 INFO  org.hibernate.engine.jdbc.connections.internal.DriverManagerConnectionProviderImpl 129 buildCreator - HHH10001003: Autocommit mode: false
05 May 2023 19:03:53,398 INFO  org.hibernate.engine.jdbc.connections.internal.DriverManagerConnectionProviderImpl$PooledConnections 259 <init> - HHH000115: Hibernate connection pool size: 20 (min=1)
05 May 2023 19:03:53,551 INFO  org.hibernate.dialect.Dialect 175 <init> - HHH000400: Using dialect: triathlon.persistence.org.hibernate.dialect.SQLiteDialect
05 May 2023 19:03:54,136 INFO  org.hibernate.resource.transaction.backend.jdbc.internal.DdlTransactionIsolatorNonJtaImpl 47 getIsolatedConnection - HHH10001501: Connection obtained from JdbcConnectionAccess [org.hibernate.engine.jdbc.env.internal.JdbcEnvironmentInitiator$ConnectionProviderJdbcConnectionAccess@1fd7a37] for (non-JTA) DDL execution was not in auto-commit mode; the Connection 'local transaction' will be committed and the Connection will be set into auto-commit mode.
05 May 2023 19:03:54,142 INFO  org.hibernate.engine.jdbc.connections.internal.DriverManagerConnectionProviderImpl$PoolState 428 stop - HHH10001008: Cleaning up connection pool [jdbc:sqlite:C:\\FACULTATE\\Anul 2\\Semestrul 2\\Medii de Proiectare si Programare\\Laboratoare\\mpp-proiect-java-PaulaBeatrice\\triatlon.db]
05 May 2023 19:07:44,397 INFO  org.hibernate.Version 44 logVersion - HHH000412: Hibernate ORM core version 5.4.30.Final
05 May 2023 19:07:45,068 INFO  org.hibernate.annotations.common.reflection.java.JavaReflectionManager 56 <clinit> - HCANN000001: Hibernate Commons Annotations {5.1.2.Final}
05 May 2023 19:07:45,993 WARN  org.hibernate.engine.jdbc.connections.internal.DriverManagerConnectionProviderImpl 72 configure - HHH10001002: Using Hibernate built-in connection pool (not for production use!)
05 May 2023 19:07:45,999 INFO  org.hibernate.engine.jdbc.connections.internal.DriverManagerConnectionProviderImpl 115 buildCreator - HHH10001005: using driver [org.sqlite.JDBC] at URL [jdbc:sqlite:C:\\FACULTATE\\Anul 2\\Semestrul 2\\Medii de Proiectare si Programare\\Laboratoare\\mpp-proiect-java-PaulaBeatrice\\triatlon.db]
05 May 2023 19:07:46,000 INFO  org.hibernate.engine.jdbc.connections.internal.DriverManagerConnectionProviderImpl 124 buildCreator - HHH10001001: Connection properties: {}
05 May 2023 19:07:46,001 INFO  org.hibernate.engine.jdbc.connections.internal.DriverManagerConnectionProviderImpl 129 buildCreator - HHH10001003: Autocommit mode: false
05 May 2023 19:07:46,006 INFO  org.hibernate.engine.jdbc.connections.internal.DriverManagerConnectionProviderImpl$PooledConnections 259 <init> - HHH000115: Hibernate connection pool size: 20 (min=1)
05 May 2023 19:07:46,249 INFO  org.hibernate.dialect.Dialect 175 <init> - HHH000400: Using dialect: triathlon.persistence.org.hibernate.dialect.SQLiteDialect
05 May 2023 19:07:47,131 INFO  org.hibernate.resource.transaction.backend.jdbc.internal.DdlTransactionIsolatorNonJtaImpl 47 getIsolatedConnection - HHH10001501: Connection obtained from JdbcConnectionAccess [org.hibernate.engine.jdbc.env.internal.JdbcEnvironmentInitiator$ConnectionProviderJdbcConnectionAccess@1fd7a37] for (non-JTA) DDL execution was not in auto-commit mode; the Connection 'local transaction' will be committed and the Connection will be set into auto-commit mode.
05 May 2023 19:07:47,142 INFO  org.hibernate.engine.jdbc.connections.internal.DriverManagerConnectionProviderImpl$PoolState 428 stop - HHH10001008: Cleaning up connection pool [jdbc:sqlite:C:\\FACULTATE\\Anul 2\\Semestrul 2\\Medii de Proiectare si Programare\\Laboratoare\\mpp-proiect-java-PaulaBeatrice\\triatlon.db]
05 May 2023 19:09:58,826 INFO  org.hibernate.Version 44 logVersion - HHH000412: Hibernate ORM core version 5.4.30.Final
05 May 2023 19:09:59,582 INFO  org.hibernate.annotations.common.reflection.java.JavaReflectionManager 56 <clinit> - HCANN000001: Hibernate Commons Annotations {5.1.2.Final}
05 May 2023 19:10:00,578 WARN  org.hibernate.engine.jdbc.connections.internal.DriverManagerConnectionProviderImpl 72 configure - HHH10001002: Using Hibernate built-in connection pool (not for production use!)
05 May 2023 19:10:00,584 INFO  org.hibernate.engine.jdbc.connections.internal.DriverManagerConnectionProviderImpl 115 buildCreator - HHH10001005: using driver [org.sqlite.JDBC] at URL [jdbc:sqlite:C:\\FACULTATE\\Anul 2\\Semestrul 2\\Medii de Proiectare si Programare\\Laboratoare\\mpp-proiect-java-PaulaBeatrice\\triatlon.db]
05 May 2023 19:10:00,585 INFO  org.hibernate.engine.jdbc.connections.internal.DriverManagerConnectionProviderImpl 124 buildCreator - HHH10001001: Connection properties: {}
05 May 2023 19:10:00,586 INFO  org.hibernate.engine.jdbc.connections.internal.DriverManagerConnectionProviderImpl 129 buildCreator - HHH10001003: Autocommit mode: false
05 May 2023 19:10:00,590 INFO  org.hibernate.engine.jdbc.connections.internal.DriverManagerConnectionProviderImpl$PooledConnections 259 <init> - HHH000115: Hibernate connection pool size: 20 (min=1)
05 May 2023 19:10:00,818 INFO  org.hibernate.dialect.Dialect 175 <init> - HHH000400: Using dialect: triathlon.persistence.org.hibernate.dialect.SQLiteDialect
05 May 2023 19:10:01,701 INFO  org.hibernate.resource.transaction.backend.jdbc.internal.DdlTransactionIsolatorNonJtaImpl 47 getIsolatedConnection - HHH10001501: Connection obtained from JdbcConnectionAccess [org.hibernate.engine.jdbc.env.internal.JdbcEnvironmentInitiator$ConnectionProviderJdbcConnectionAccess@5b202ff] for (non-JTA) DDL execution was not in auto-commit mode; the Connection 'local transaction' will be committed and the Connection will be set into auto-commit mode.
05 May 2023 19:10:01,713 INFO  org.hibernate.engine.jdbc.connections.internal.DriverManagerConnectionProviderImpl$PoolState 428 stop - HHH10001008: Cleaning up connection pool [jdbc:sqlite:C:\\FACULTATE\\Anul 2\\Semestrul 2\\Medii de Proiectare si Programare\\Laboratoare\\mpp-proiect-java-PaulaBeatrice\\triatlon.db]
05 May 2023 19:23:39,036 INFO  org.hibernate.Version 44 logVersion - HHH000412: Hibernate ORM core version 5.4.30.Final
05 May 2023 19:23:39,687 INFO  org.hibernate.annotations.common.reflection.java.JavaReflectionManager 56 <clinit> - HCANN000001: Hibernate Commons Annotations {5.1.2.Final}
05 May 2023 19:23:40,305 WARN  org.hibernate.engine.jdbc.connections.internal.DriverManagerConnectionProviderImpl 72 configure - HHH10001002: Using Hibernate built-in connection pool (not for production use!)
05 May 2023 19:23:40,308 INFO  org.hibernate.engine.jdbc.connections.internal.DriverManagerConnectionProviderImpl 115 buildCreator - HHH10001005: using driver [org.sqlite.JDBC] at URL [jdbc:sqlite:C:\FACULTATE\\Anul 2\\Semestrul 2\\Medii de Proiectare si Programare\\Laboratoare\\mpp-proiect-java-PaulaBeatrice\\triatlon.db]
05 May 2023 19:23:40,308 INFO  org.hibernate.engine.jdbc.connections.internal.DriverManagerConnectionProviderImpl 124 buildCreator - HHH10001001: Connection properties: {}
05 May 2023 19:23:40,308 INFO  org.hibernate.engine.jdbc.connections.internal.DriverManagerConnectionProviderImpl 129 buildCreator - HHH10001003: Autocommit mode: false
05 May 2023 19:23:40,314 INFO  org.hibernate.engine.jdbc.connections.internal.DriverManagerConnectionProviderImpl$PooledConnections 259 <init> - HHH000115: Hibernate connection pool size: 20 (min=1)
05 May 2023 19:23:40,458 INFO  org.hibernate.dialect.Dialect 175 <init> - HHH000400: Using dialect: triathlon.persistence.org.hibernate.dialect.SQLiteDialect
05 May 2023 19:23:41,020 INFO  org.hibernate.resource.transaction.backend.jdbc.internal.DdlTransactionIsolatorNonJtaImpl 47 getIsolatedConnection - HHH10001501: Connection obtained from JdbcConnectionAccess [org.hibernate.engine.jdbc.env.internal.JdbcEnvironmentInitiator$ConnectionProviderJdbcConnectionAccess@5b202ff] for (non-JTA) DDL execution was not in auto-commit mode; the Connection 'local transaction' will be committed and the Connection will be set into auto-commit mode.
05 May 2023 19:23:41,032 INFO  org.hibernate.engine.jdbc.connections.internal.DriverManagerConnectionProviderImpl$PoolState 428 stop - HHH10001008: Cleaning up connection pool [jdbc:sqlite:C:\FACULTATE\\Anul 2\\Semestrul 2\\Medii de Proiectare si Programare\\Laboratoare\\mpp-proiect-java-PaulaBeatrice\\triatlon.db]
05 May 2023 19:24:48,772 INFO  org.hibernate.Version 44 logVersion - HHH000412: Hibernate ORM core version 5.4.30.Final
05 May 2023 19:24:49,196 INFO  org.hibernate.annotations.common.reflection.java.JavaReflectionManager 56 <clinit> - HCANN000001: Hibernate Commons Annotations {5.1.2.Final}
05 May 2023 19:24:49,758 WARN  org.hibernate.engine.jdbc.connections.internal.DriverManagerConnectionProviderImpl 72 configure - HHH10001002: Using Hibernate built-in connection pool (not for production use!)
05 May 2023 19:24:49,760 INFO  org.hibernate.engine.jdbc.connections.internal.DriverManagerConnectionProviderImpl 115 buildCreator - HHH10001005: using driver [org.sqlite.JDBC] at URL [jdbc:sqlite:C:\FACULTATE\Anul 2\Semestrul 2\Medii de Proiectare si Programare\Laboratoare\mpp-proiect-java-PaulaBeatrice\triatlon.db]
05 May 2023 19:24:49,762 INFO  org.hibernate.engine.jdbc.connections.internal.DriverManagerConnectionProviderImpl 124 buildCreator - HHH10001001: Connection properties: {}
05 May 2023 19:24:49,762 INFO  org.hibernate.engine.jdbc.connections.internal.DriverManagerConnectionProviderImpl 129 buildCreator - HHH10001003: Autocommit mode: false
05 May 2023 19:24:49,765 INFO  org.hibernate.engine.jdbc.connections.internal.DriverManagerConnectionProviderImpl$PooledConnections 259 <init> - HHH000115: Hibernate connection pool size: 20 (min=1)
05 May 2023 19:24:49,909 INFO  org.hibernate.dialect.Dialect 175 <init> - HHH000400: Using dialect: triathlon.persistence.org.hibernate.dialect.SQLiteDialect
05 May 2023 19:24:50,421 INFO  org.hibernate.resource.transaction.backend.jdbc.internal.DdlTransactionIsolatorNonJtaImpl 47 getIsolatedConnection - HHH10001501: Connection obtained from JdbcConnectionAccess [org.hibernate.engine.jdbc.env.internal.JdbcEnvironmentInitiator$ConnectionProviderJdbcConnectionAccess@1fd7a37] for (non-JTA) DDL execution was not in auto-commit mode; the Connection 'local transaction' will be committed and the Connection will be set into auto-commit mode.
05 May 2023 19:24:50,429 INFO  org.hibernate.engine.jdbc.connections.internal.DriverManagerConnectionProviderImpl$PoolState 428 stop - HHH10001008: Cleaning up connection pool [jdbc:sqlite:C:\FACULTATE\Anul 2\Semestrul 2\Medii de Proiectare si Programare\Laboratoare\mpp-proiect-java-PaulaBeatrice\triatlon.db]
05 May 2023 19:25:06,028 INFO  org.hibernate.Version 44 logVersion - HHH000412: Hibernate ORM core version 5.4.30.Final
05 May 2023 19:25:06,487 INFO  org.hibernate.annotations.common.reflection.java.JavaReflectionManager 56 <clinit> - HCANN000001: Hibernate Commons Annotations {5.1.2.Final}
05 May 2023 19:25:07,106 WARN  org.hibernate.engine.jdbc.connections.internal.DriverManagerConnectionProviderImpl 72 configure - HHH10001002: Using Hibernate built-in connection pool (not for production use!)
05 May 2023 19:25:07,111 INFO  org.hibernate.engine.jdbc.connections.internal.DriverManagerConnectionProviderImpl 115 buildCreator - HHH10001005: using driver [org.sqlite.JDBC] at URL [jdbc:sqlite:C:\\FACULTATE\\Anul 2\\Semestrul 2\\Medii de Proiectare si Programare\\Laboratoare\\mpp-proiect-java-PaulaBeatrice\\triatlon.db]
05 May 2023 19:25:07,113 INFO  org.hibernate.engine.jdbc.connections.internal.DriverManagerConnectionProviderImpl 124 buildCreator - HHH10001001: Connection properties: {}
05 May 2023 19:25:07,113 INFO  org.hibernate.engine.jdbc.connections.internal.DriverManagerConnectionProviderImpl 129 buildCreator - HHH10001003: Autocommit mode: false
05 May 2023 19:25:07,116 INFO  org.hibernate.engine.jdbc.connections.internal.DriverManagerConnectionProviderImpl$PooledConnections 259 <init> - HHH000115: Hibernate connection pool size: 20 (min=1)
05 May 2023 19:25:07,292 INFO  org.hibernate.dialect.Dialect 175 <init> - HHH000400: Using dialect: triathlon.persistence.org.hibernate.dialect.SQLiteDialect
05 May 2023 19:25:07,915 INFO  org.hibernate.resource.transaction.backend.jdbc.internal.DdlTransactionIsolatorNonJtaImpl 47 getIsolatedConnection - HHH10001501: Connection obtained from JdbcConnectionAccess [org.hibernate.engine.jdbc.env.internal.JdbcEnvironmentInitiator$ConnectionProviderJdbcConnectionAccess@5b202ff] for (non-JTA) DDL execution was not in auto-commit mode; the Connection 'local transaction' will be committed and the Connection will be set into auto-commit mode.
05 May 2023 19:25:07,921 INFO  org.hibernate.engine.jdbc.connections.internal.DriverManagerConnectionProviderImpl$PoolState 428 stop - HHH10001008: Cleaning up connection pool [jdbc:sqlite:C:\\FACULTATE\\Anul 2\\Semestrul 2\\Medii de Proiectare si Programare\\Laboratoare\\mpp-proiect-java-PaulaBeatrice\\triatlon.db]
05 May 2023 19:29:03,814 INFO  org.hibernate.Version 44 logVersion - HHH000412: Hibernate ORM core version 5.4.30.Final
05 May 2023 19:29:04,236 INFO  org.hibernate.annotations.common.reflection.java.JavaReflectionManager 56 <clinit> - HCANN000001: Hibernate Commons Annotations {5.1.2.Final}
05 May 2023 19:29:04,748 WARN  org.hibernate.engine.jdbc.connections.internal.DriverManagerConnectionProviderImpl 72 configure - HHH10001002: Using Hibernate built-in connection pool (not for production use!)
05 May 2023 19:29:04,751 INFO  org.hibernate.engine.jdbc.connections.internal.DriverManagerConnectionProviderImpl 115 buildCreator - HHH10001005: using driver [org.sqlite.JDBC] at URL [jdbc:sqlite:C:\\FACULTATE\\Anul 2\\Semestrul 2\\Medii de Proiectare si Programare\\Laboratoare\\mpp-proiect-java-PaulaBeatrice\\triatlon.db]
05 May 2023 19:29:04,752 INFO  org.hibernate.engine.jdbc.connections.internal.DriverManagerConnectionProviderImpl 124 buildCreator - HHH10001001: Connection properties: {}
05 May 2023 19:29:04,753 INFO  org.hibernate.engine.jdbc.connections.internal.DriverManagerConnectionProviderImpl 129 buildCreator - HHH10001003: Autocommit mode: false
05 May 2023 19:29:04,756 INFO  org.hibernate.engine.jdbc.connections.internal.DriverManagerConnectionProviderImpl$PooledConnections 259 <init> - HHH000115: Hibernate connection pool size: 20 (min=1)
05 May 2023 19:29:04,925 INFO  org.hibernate.dialect.Dialect 175 <init> - HHH000400: Using dialect: triathlon.persistence.org.hibernate.dialect.SQLiteDialect
05 May 2023 19:29:05,477 INFO  org.hibernate.engine.transaction.jta.platform.internal.JtaPlatformInitiator 52 initiateService - HHH000490: Using JtaPlatform implementation: [org.hibernate.engine.transaction.jta.platform.internal.NoJtaPlatform]
05 May 2023 19:29:05,491 INFO  org.hibernate.engine.jdbc.connections.internal.DriverManagerConnectionProviderImpl$PoolState 428 stop - HHH10001008: Cleaning up connection pool [jdbc:sqlite:C:\\FACULTATE\\Anul 2\\Semestrul 2\\Medii de Proiectare si Programare\\Laboratoare\\mpp-proiect-java-PaulaBeatrice\\triatlon.db]
05 May 2023 19:29:43,078 INFO  org.hibernate.Version 44 logVersion - HHH000412: Hibernate ORM core version 5.4.30.Final
05 May 2023 19:29:43,447 INFO  org.hibernate.annotations.common.reflection.java.JavaReflectionManager 56 <clinit> - HCANN000001: Hibernate Commons Annotations {5.1.2.Final}
05 May 2023 19:29:43,951 WARN  org.hibernate.engine.jdbc.connections.internal.DriverManagerConnectionProviderImpl 72 configure - HHH10001002: Using Hibernate built-in connection pool (not for production use!)
05 May 2023 19:29:43,954 INFO  org.hibernate.engine.jdbc.connections.internal.DriverManagerConnectionProviderImpl 115 buildCreator - HHH10001005: using driver [org.sqlite.JDBC] at URL [jdbc:sqlite:C:\\FACULTATE\\Anul 2\\Semestrul 2\\Medii de Proiectare si Programare\\Laboratoare\\mpp-proiect-java-PaulaBeatrice\\triatlon.db]
05 May 2023 19:29:43,954 INFO  org.hibernate.engine.jdbc.connections.internal.DriverManagerConnectionProviderImpl 124 buildCreator - HHH10001001: Connection properties: {}
05 May 2023 19:29:43,954 INFO  org.hibernate.engine.jdbc.connections.internal.DriverManagerConnectionProviderImpl 129 buildCreator - HHH10001003: Autocommit mode: false
05 May 2023 19:29:43,957 INFO  org.hibernate.engine.jdbc.connections.internal.DriverManagerConnectionProviderImpl$PooledConnections 259 <init> - HHH000115: Hibernate connection pool size: 20 (min=1)
05 May 2023 19:29:44,104 INFO  org.hibernate.dialect.Dialect 175 <init> - HHH000400: Using dialect: triathlon.persistence.org.hibernate.dialect.SQLiteDialect
05 May 2023 19:29:44,604 INFO  org.hibernate.engine.transaction.jta.platform.internal.JtaPlatformInitiator 52 initiateService - HHH000490: Using JtaPlatform implementation: [org.hibernate.engine.transaction.jta.platform.internal.NoJtaPlatform]
05 May 2023 19:29:44,785 INFO  org.hibernate.engine.jdbc.connections.internal.DriverManagerConnectionProviderImpl$PoolState 428 stop - HHH10001008: Cleaning up connection pool [jdbc:sqlite:C:\\FACULTATE\\Anul 2\\Semestrul 2\\Medii de Proiectare si Programare\\Laboratoare\\mpp-proiect-java-PaulaBeatrice\\triatlon.db]
05 May 2023 19:31:27,476 INFO  org.hibernate.Version 44 logVersion - HHH000412: Hibernate ORM core version 5.4.30.Final
05 May 2023 19:31:27,853 INFO  org.hibernate.annotations.common.reflection.java.JavaReflectionManager 56 <clinit> - HCANN000001: Hibernate Commons Annotations {5.1.2.Final}
05 May 2023 19:31:28,343 WARN  org.hibernate.engine.jdbc.connections.internal.DriverManagerConnectionProviderImpl 72 configure - HHH10001002: Using Hibernate built-in connection pool (not for production use!)
05 May 2023 19:31:28,346 INFO  org.hibernate.engine.jdbc.connections.internal.DriverManagerConnectionProviderImpl 115 buildCreator - HHH10001005: using driver [org.sqlite.JDBC] at URL [jdbc:sqlite:C:\\FACULTATE\\Anul 2\\Semestrul 2\\Medii de Proiectare si Programare\\Laboratoare\\mpp-proiect-java-PaulaBeatrice\\triatlon.db]
05 May 2023 19:31:28,347 INFO  org.hibernate.engine.jdbc.connections.internal.DriverManagerConnectionProviderImpl 124 buildCreator - HHH10001001: Connection properties: {}
05 May 2023 19:31:28,347 INFO  org.hibernate.engine.jdbc.connections.internal.DriverManagerConnectionProviderImpl 129 buildCreator - HHH10001003: Autocommit mode: false
05 May 2023 19:31:28,350 INFO  org.hibernate.engine.jdbc.connections.internal.DriverManagerConnectionProviderImpl$PooledConnections 259 <init> - HHH000115: Hibernate connection pool size: 20 (min=1)
05 May 2023 19:31:28,485 INFO  org.hibernate.dialect.Dialect 175 <init> - HHH000400: Using dialect: triathlon.persistence.org.hibernate.dialect.SQLiteDialect
05 May 2023 19:31:28,943 INFO  org.hibernate.engine.transaction.jta.platform.internal.JtaPlatformInitiator 52 initiateService - HHH000490: Using JtaPlatform implementation: [org.hibernate.engine.transaction.jta.platform.internal.NoJtaPlatform]
05 May 2023 19:31:29,130 INFO  org.hibernate.engine.jdbc.connections.internal.DriverManagerConnectionProviderImpl$PoolState 428 stop - HHH10001008: Cleaning up connection pool [jdbc:sqlite:C:\\FACULTATE\\Anul 2\\Semestrul 2\\Medii de Proiectare si Programare\\Laboratoare\\mpp-proiect-java-PaulaBeatrice\\triatlon.db]
